<?xml version="1.0" encoding="UTF-8"?>
<!-- Generated by org.testng.reporters.JUnitReportReporter -->
<testsuite hostname="DESKTOP-STGA0B9" failures="0" tests="2" name="TestCases.LoginTest" time="23.182" errors="0" timestamp="2022-09-06T08:51:17 IST" skipped="0">
  <testcase classname="TestCases.LoginTest" name="positiveLogin" time="14.763"/>
  <system-out/>
  <testcase classname="TestCases.LoginTest" name="negativeLogin" time="8.419"/>
  <system-out/>
</testsuite> <!-- TestCases.LoginTest -->
